Log file open, 07/04/17 18:51:54
LogInit:Display: Running engine for game: TDAD
LogPlatformFile: Not using cached read wrapper
LogInit:Display: RandInit(886567281) SRandInit(886567281).
LogTaskGraph: Started task graph with 5 named threads and 8 total threads with 1 sets of task threads.
LogStats: Stats thread started at 0.082572
LogInit: Using libcurl 7.47.1
LogInit:  - built for x86_64-pc-win32
LogInit:  - supports SSL with OpenSSL/1.0.2g
LogInit:  - supports HTTP deflate (compression) using libz 1.2.8
LogInit:  - other features:
LogInit:      CURL_VERSION_SSL
LogInit:      CURL_VERSION_LIBZ
LogInit:      CURL_VERSION_IPV6
LogInit:      CURL_VERSION_ASYNCHDNS
LogInit:      CURL_VERSION_LARGEFILE
LogInit:      CURL_VERSION_IDN
LogInit:  CurlRequestOptions (configurable via config and command line):
LogInit:  - bVerifyPeer = false  - Libcurl will NOT verify peer certificate
LogInit:  - bUseHttpProxy = false  - Libcurl will NOT use HTTP proxy
LogInit:  - bDontReuseConnections = false  - Libcurl will reuse connections
LogInit:  - CertBundlePath = nullptr  - Libcurl will use whatever was configured at build time.
OCULUS: Info: [CAPI] LibOVR module is located at C:\Program Files\Oculus\Support\oculus-runtime\LibOVRRT64_1.dll
OCULUS: Debug: Connected to the server running version (prod = 1).1.16.0(build = 409268) feature version = 0. Client runs version (prod = 1).1.16.0(build = 409268) feature version = 0
OCULUS: Debug: [HMDState] Using default profile default
OCULUS: Info: IAD changed to 58.7mm
OCULUS: Debug: Creating factory
LogHMD: GearVR: Emulating GearVR using Oculus Rift!
LogInit: Build: ++UE4+Release-4.16-CL-3514769
LogInit: Engine Version: 4.16.2-3514769+++UE4+Release-4.16
LogInit: Compatible Engine Version: 4.16.0-3452394+++UE4+Release-4.16
LogInit: Net CL: 3452394
LogDevObjectVersion: Number of dev versions registered: 16
LogDevObjectVersion:   Dev-Blueprints (B0D832E4-1F89-4F0D-ACCF-7EB736FD4AA2): 9
LogDevObjectVersion:   Dev-Build (E1C64328-A22C-4D53-A36C-8E866417BD8C): 0
LogDevObjectVersion:   Dev-Core (375EC13C-06E4-48FB-B500-84F0262A717E): 2
LogDevObjectVersion:   Dev-Editor (E4B068ED-F494-42E9-A231-DA0B2E46BB41): 17
LogDevObjectVersion:   Dev-Framework (CFFC743F-43B0-4480-9391-14DF171D2073): 23
LogDevObjectVersion:   Dev-Mobile (B02B49B5-BB20-44E9-A304-32B752E40360): 0
LogDevObjectVersion:   Dev-Networking (A4E4105C-59A1-49B5-A7C5-40C4547EDFEE): 0
LogDevObjectVersion:   Dev-Online (39C831C9-5AE6-47DC-9A44-9C173E1C8E7C): 0
LogDevObjectVersion:   Dev-Physics (78F01B33-EBEA-4F98-B9B4-84EACCB95AA2): 0
LogDevObjectVersion:   Dev-Platform (6631380F-2D4D-43E0-8009-CF276956A95A): 0
LogDevObjectVersion:   Dev-Rendering (12F88B9F-8875-4AFC-A67C-D90C383ABD29): 15
LogDevObjectVersion:   Dev-Sequencer (7B5AE74C-D270-4C10-A958-57980B212A5A): 4
LogDevObjectVersion:   Dev-VR (D7296918-1DD6-4BDD-9DE2-64A83CC13884): 0
LogDevObjectVersion:   Dev-LoadTimes (C2A15278-BFE7-4AFE-6C17-90FF531DF755): 1
LogDevObjectVersion:   Private-Geometry (6EACA3D4-40EC-4CC1-B786-8BED09428FC5): 1
LogDevObjectVersion:   Dev-AnimPhys (29E575DD-E0A3-4627-9D10-D276232CDCEA): 3
LogInit: Compiled (64-bit): Jun 29 2017 02:03:24
LogInit: Compiled with Visual C++: 19.00.24215.01
LogInit: Build Configuration: Development
LogInit: Branch Name: ++UE4+Release-4.16
LogInit: Command line: -EpicPortal 
LogInit: Base directory: H:/UE_4.16/Engine/Binaries/Win64/
LogInit: Installed Engine Build: 1
LogInit: Presizing for max 8388607 objects, including 0 objects not considered by GC, pre-allocating 0 bytes for permanent pool.
LogInit: Object subsystem initialized
[2017.07.04-17.51.55:465][  0]LogInit: Selected Device Profile: [Windows]
[2017.07.04-17.51.55:465][  0]LogInit: Applying CVar settings loaded from the selected device profile: [Windows]
[2017.07.04-17.51.55:472][  0]LogInit: Computer: DAN-PC
[2017.07.04-17.51.55:472][  0]LogInit: User: dan
[2017.07.04-17.51.55:472][  0]LogInit: CPU Page size=4096, Cores=4
[2017.07.04-17.51.55:472][  0]LogInit: High frequency timer resolution =3.897222 MHz
[2017.07.04-17.51.55:472][  0]LogMemory: Memory total: Physical=31.9GB (32GB approx)
[2017.07.04-17.51.55:472][  0]LogMemory: Platform Memory Stats for Windows
[2017.07.04-17.51.55:472][  0]LogMemory: Process Physical Memory: 278.38 MB used, 278.38 MB peak
[2017.07.04-17.51.55:472][  0]LogMemory: Process Virtual Memory: 266.70 MB used, 266.70 MB peak
[2017.07.04-17.51.55:472][  0]LogMemory: Physical Memory: 12019.90 MB used,  20622.11 MB free, 32642.01 MB total
[2017.07.04-17.51.55:472][  0]LogMemory: Virtual Memory: 678.46 MB used,  20622.11 MB free, 134217728.00 MB total
[2017.07.04-17.51.55:520][  0]LogInit: Using OS detected language (en-US).
[2017.07.04-17.51.55:520][  0]LogInit: Using OS detected locale (en-US).
[2017.07.04-17.51.55:523][  0]LogTextLocalizationManager: No specific localization for 'en-US' exists, so the 'en' localization will be used.
[2017.07.04-17.51.56:269][  0]LogD3D11RHI: D3D11 adapters:
[2017.07.04-17.51.56:303][  0]LogD3D11RHI:    0. 'NVIDIA GeForce GTX 980 Ti' (Feature Level 11_0)
[2017.07.04-17.51.56:303][  0]LogD3D11RHI:       6103/0/16321 MB DedicatedVideo/DedicatedSystem/SharedSystem, Outputs:1, VendorId:0x10de
[2017.07.04-17.51.56:309][  0]LogD3D11RHI:    1. 'Intel(R) HD Graphics 4600' (Feature Level 11_0)
[2017.07.04-17.51.56:309][  0]LogD3D11RHI:       112/0/2048 MB DedicatedVideo/DedicatedSystem/SharedSystem, Outputs:0, VendorId:0x8086
[2017.07.04-17.51.56:310][  0]LogD3D11RHI:    2. 'Microsoft Basic Render Driver' (Feature Level 11_0)
[2017.07.04-17.51.56:310][  0]LogD3D11RHI:       0/0/16321 MB DedicatedVideo/DedicatedSystem/SharedSystem, Outputs:0, VendorId:0x1414
[2017.07.04-17.51.56:310][  0]LogD3D11RHI: Chosen D3D11 Adapter: 0
[2017.07.04-17.51.56:316][  0]LogD3D11RHI: Creating new Direct3DDevice
[2017.07.04-17.51.56:316][  0]LogD3D11RHI:     GPU DeviceId: 0x17c8 (for the marketing name, search the web for "GPU Device Id")
[2017.07.04-17.51.56:316][  0]LogWindows: EnumDisplayDevices:
[2017.07.04-17.51.56:316][  0]LogWindows:    0. 'NVIDIA GeForce GTX 980 Ti' (P:1 D:1)
[2017.07.04-17.51.56:317][  0]LogWindows:    1. 'NVIDIA GeForce GTX 980 Ti' (P:0 D:0)
[2017.07.04-17.51.56:317][  0]LogWindows:    2. 'NVIDIA GeForce GTX 980 Ti' (P:0 D:0)
[2017.07.04-17.51.56:318][  0]LogWindows:    3. 'NVIDIA GeForce GTX 980 Ti' (P:0 D:0)
[2017.07.04-17.51.56:319][  0]LogWindows:    4. 'Intel(R) HD Graphics 4600' (P:0 D:0)
[2017.07.04-17.51.56:320][  0]LogWindows:    5. 'Intel(R) HD Graphics 4600' (P:0 D:0)
[2017.07.04-17.51.56:320][  0]LogWindows:    6. 'Intel(R) HD Graphics 4600' (P:0 D:0)
[2017.07.04-17.51.56:321][  0]LogWindows: DebugString: PrimaryIsNotTheChoosenAdapter PrimaryIsNotTheChoosenAdapter PrimaryIsNotTheChoosenAdapter FoundDriverCount:4 
[2017.07.04-17.51.56:321][  0]LogD3D11RHI:     Adapter Name: NVIDIA GeForce GTX 980 Ti
[2017.07.04-17.51.56:321][  0]LogD3D11RHI:   Driver Version: 382.33 (internal:22.21.13.8233, unified:382.33)
[2017.07.04-17.51.56:321][  0]LogD3D11RHI:      Driver Date: 5-17-2017
[2017.07.04-17.51.56:321][  0]LogRHI: Texture pool is 1361 MB (70% of 1945 MB)
[2017.07.04-17.51.56:341][  0]LogD3D11RHI: Async texture creation enabled
[2017.07.04-17.51.56:351][  0]LogD3D11RHI: GPU Timing Frequency: 1000.000000 (Debug: 2 1)
[2017.07.04-17.51.56:356][  0]LogShaderCompilers: Guid format shader working directory is 22 characters bigger than the processId version (../../../../TDAD/TDAD/Intermediate/Shaders/WorkingDirectory/22852/).
[2017.07.04-17.51.56:356][  0]LogShaderCompilers: Cleaned the shader compiler working directory 'C:/Users/dan/AppData/Local/Temp/UnrealShaderWorkingDir/05445FCF43E8A018B40AF0B193FF517A/'.
[2017.07.04-17.51.56:356][  0]LogShaderCompilers:Display: Using Local Shader Compiler.
[2017.07.04-17.51.57:199][  0]LogTemp:Display: Loaded TP AllDesktopTargetPlatform
[2017.07.04-17.51.57:231][  0]LogTemp:Display: Loaded TP MacClientTargetPlatform
[2017.07.04-17.51.57:262][  0]LogTemp:Display: Loaded TP MacNoEditorTargetPlatform
[2017.07.04-17.51.57:293][  0]LogTemp:Display: Loaded TP MacServerTargetPlatform
[2017.07.04-17.51.57:325][  0]LogTemp:Display: Loaded TP MacTargetPlatform
[2017.07.04-17.51.57:357][  0]LogTemp:Display: Loaded TP WindowsClientTargetPlatform
[2017.07.04-17.51.57:388][  0]LogTemp:Display: Loaded TP WindowsNoEditorTargetPlatform
[2017.07.04-17.51.57:420][  0]LogTemp:Display: Loaded TP WindowsServerTargetPlatform
[2017.07.04-17.51.57:448][  0]LogTemp:Display: Loaded TP WindowsTargetPlatform
[2017.07.04-17.51.57:479][  0]LogTemp:Display: Loaded TP AndroidTargetPlatform
[2017.07.04-17.51.57:513][  0]LogTemp:Display: Loaded TP Android_ASTCTargetPlatform
[2017.07.04-17.51.57:545][  0]LogTemp:Display: Loaded TP Android_ATCTargetPlatform
[2017.07.04-17.51.57:576][  0]LogTemp:Display: Loaded TP Android_DXTTargetPlatform
[2017.07.04-17.51.57:607][  0]LogTemp:Display: Loaded TP Android_ETC1TargetPlatform
[2017.07.04-17.51.57:638][  0]LogTemp:Display: Loaded TP Android_ETC2TargetPlatform
[2017.07.04-17.51.57:700][  0]LogTemp:Display: Loaded TP Android_MultiTargetPlatform
[2017.07.04-17.51.57:700][  0]LogTemp:Display: Loaded TP Android_PVRTCTargetPlatform
[2017.07.04-17.51.57:725][  0]LogTemp:Display: Loaded TP HTML5TargetPlatform
[2017.07.04-17.51.57:790][  0]LogTemp:Display: Loaded TP IOSTargetPlatform
[2017.07.04-17.51.57:808][  0]LogTemp:Display: Loaded TP TVOSTargetPlatform
[2017.07.04-17.51.57:839][  0]LogTemp:Display: Loaded TP LinuxClientTargetPlatform
[2017.07.04-17.51.57:870][  0]LogTemp:Display: Loaded TP LinuxNoEditorTargetPlatform
[2017.07.04-17.51.57:901][  0]LogTemp:Display: Loaded TP LinuxServerTargetPlatform
[2017.07.04-17.51.57:933][  0]LogTemp:Display: Loaded TP LinuxTargetPlatform
[2017.07.04-17.51.57:933][  0]LogTargetPlatformManager:Display: Building Assets For Windows
[2017.07.04-17.51.58:219][  0]LogDerivedDataCache:Display: Max Cache Size: 512 MB
[2017.07.04-17.51.58:300][  0]LogDerivedDataCache: Loaded boot cache 0.08s 90MB C:/Users/dan/AppData/Local/UnrealEngine/4.16/DerivedDataCache/Boot.ddc.
[2017.07.04-17.51.58:300][  0]LogDerivedDataCache:Display: Loaded Boot cache: C:/Users/dan/AppData/Local/UnrealEngine/4.16/DerivedDataCache/Boot.ddc
[2017.07.04-17.51.58:300][  0]LogDerivedDataCache: FDerivedDataBackendGraph:  Pak pak cache file ../../../../TDAD/TDAD/DerivedDataCache/DDC.ddp not found, will not use a pak cache.
[2017.07.04-17.51.58:300][  0]LogDerivedDataCache: Unable to find inner node Pak for hierarchical cache Hierarchy.
[2017.07.04-17.51.58:300][  0]LogDerivedDataCache: FDerivedDataBackendGraph:  CompressedPak pak cache file ../../../../TDAD/TDAD/DerivedDataCache/Compressed.ddp not found, will not use a pak cache.
[2017.07.04-17.51.58:300][  0]LogDerivedDataCache: Unable to find inner node CompressedPak for hierarchical cache Hierarchy.
[2017.07.04-17.51.58:314][  0]LogDerivedDataCache:Display: Pak cache opened for reading ../../../Engine/DerivedDataCache/Compressed.ddp.
[2017.07.04-17.51.58:327][  0]LogDerivedDataCache: Using Local data cache path C:/Users/dan/AppData/Local/UnrealEngine/Common/DerivedDataCache: Writable
[2017.07.04-17.51.58:334][  0]LogMaterial: Verifying Global Shaders for PCD3D_SM5
[2017.07.04-17.51.58:334][  0]LogSlate: Using Freetype 2.6.0
[2017.07.04-17.51.58:335][  0]LogSlate: SlateFontCache - WITH_FREETYPE: 1, WITH_HARFBUZZ: 1
[2017.07.04-17.51.58:335][  0]LogSlate: SlateFontCache - WITH_FREETYPE: 1, WITH_HARFBUZZ: 1
[2017.07.04-17.51.58:579][  0]LogInit: Selected Device Profile: [Windows]
[2017.07.04-17.51.58:634][  0]LogContentStreaming: Texture pool size is 0.00 MB
[2017.07.04-17.51.58:742][  0]LogMeshUtilities: Using QuadricMeshReduction for automatic static mesh reduction
[2017.07.04-17.51.58:767][  0]LogSimplygon: Simplygon DLL not present - disabling.
[2017.07.04-17.51.58:797][  0]LogMeshUtilities: Using SimplygonSwarm for distributed automatic mesh merging
[2017.07.04-17.51.58:797][  0]LogMeshUtilities: No automatic skeletal mesh reduction module available
[2017.07.04-17.51.58:797][  0]LogMeshUtilities: No automatic mesh merging module available
[2017.07.04-17.51.59:179][  0]LogNetVersion: TDAD , NetCL: 3452394, EngineNetVer: 2, GameNetVer: 0 (Checksum: 3237355875)
[2017.07.04-17.51.59:227][  0]LogAssetRegistry: FAssetRegistry took 0.0238 seconds to start up
[2017.07.04-17.51.59:268][  0]LogPackageLocalizationCache: Processed 4 localized package path(s) for 2 prioritized culture(s) in 0.026998 seconds
[2017.07.04-17.51.59:275][  0]LogUObjectArray: 34194 objects as part of root set at end of initial load.
[2017.07.04-17.51.59:275][  0]LogUObjectAllocator: 7260424 out of 0 bytes used by permanent object pool.
[2017.07.04-17.51.59:275][  0]LogUObjectArray: CloseDisregardForGC: 0/0 objects in disregard for GC pool
[2017.07.04-17.51.59:313][  0]LogInit: WinSock: version 1.1 (2.2), MaxSocks=32767, MaxUdp=65467
[2017.07.04-17.52.01:193][  0]LogTcpMessaging: Initializing TcpMessaging bridge
[2017.07.04-17.52.01:231][  0]LogUdpMessaging: Initializing bridge on interface 0.0.0.0:0 to multicast group 230.0.0.1:6666.
[2017.07.04-17.52.01:600][  0]LogMaterial: Uniform references updated for custom material expression Custom.
[2017.07.04-17.52.01:871][  0]SourceControl: Info Source control is disabled
[2017.07.04-17.52.02:118][  0]SourceControl: Info Source control is disabled
[2017.07.04-17.52.02:151][  0]SourceControl: Info Source control is disabled
[2017.07.04-17.52.02:186][  0]SourceControl: Info Source control is disabled
[2017.07.04-17.52.02:639][  0]LogAndroidPermission: UAndroidPermissionCallbackProxy::GetInstance
[2017.07.04-17.52.03:063][  0]LogEngine: Initializing Engine...
[2017.07.04-17.52.03:063][  0]LogHMD: Oculus plugin initialized. Version: 4.16.2-3514769+++UE4+Release-4.16, LibOVR: 1.16.0, SDK: 1.12.0, built Jun 29 2017, 02:10:56
[2017.07.04-17.52.03:234][  0]OCULUS: Debug: [HMDState] Using default profile default
[2017.07.04-17.52.03:234][  0]OCULUS: Info: IAD changed to 58.7mm
[2017.07.04-17.52.03:234][  0]LogStats: UGameplayTagsManager::ConstructGameplayTagTree: Construct from data asset -  0.000 s
[2017.07.04-17.52.03:234][  0]LogStats: UGameplayTagsManager::ConstructGameplayTagTree: GameplayTagTreeChangedEvent.Broadcast -  0.000 s
[2017.07.04-17.52.03:315][  0]LogAIModule: Creating AISystem for world Untitled
[2017.07.04-17.52.03:416][  0]LogInit: XAudio2 using 'Headphones (Rift Audio)' : 2 channels at 48 kHz using 16 bits per sample (channel mask 0x3)
[2017.07.04-17.52.03:467][  0]LogInit: FAudioDevice initialized.
[2017.07.04-17.52.03:508][  0]LogDerivedDataCache: Saved boot cache 0.04s 90MB C:/Users/dan/AppData/Local/UnrealEngine/4.16/DerivedDataCache/Boot.ddc.
[2017.07.04-17.52.03:523][  0]LogInit: Texture streaming: Enabled
[2017.07.04-17.52.03:581][  0]LogEngineSessionManager: EngineSessionManager initialized
[2017.07.04-17.52.03:726][  0]LogInit: Transaction tracking system initialized
[2017.07.04-17.52.03:930][  0]BlueprintLog: New page: Editor Load
[2017.07.04-17.52.04:576][  0]LocalizationService: Info Localization service is disabled
[2017.07.04-17.52.05:035][  0]LogConsoleResponse:Display: 
[2017.07.04-17.52.05:147][  0]LogFileCache: Scanning file cache for directory 'H:/TDAD/TDAD/Content/' took 0.01s
[2017.07.04-17.52.05:147][  0]LogCook:Display: Max memory allowance for cook 16384mb min free memory 0mb
[2017.07.04-17.52.05:147][  0]LogCook:Display: Mobile HDR setting 1
[2017.07.04-17.52.05:832][  0]SourceControl: Info Source control is disabled
[2017.07.04-17.52.05:832][  0]Cmd: MAP LOAD FILE="../../../Engine/Content/Maps/Templates/Template_Default.umap" TEMPLATE=1 SHOWPROGRESS=1 FEATURELEVEL=3
[2017.07.04-17.52.05:833][  0]LightingResults: New page: Lighting Build
[2017.07.04-17.52.05:865][  0]MapCheck: New page: Map Check
[2017.07.04-17.52.05:865][  0]LightingResults: New page: Lighting Build
[2017.07.04-17.52.06:020][  0]LogAIModule: Creating AISystem for world Untitled_1
[2017.07.04-17.52.06:020][  0]LogActorComponent: RegisterComponentWithWorld: (/Temp/Untitled_1.Untitled_1:PersistentLevel.WorldSettings_1.StaticMeshComponent0) Trying to register component with IsPendingKill() == true. Aborting.
[2017.07.04-17.52.06:023][  0]LogEditorServer: Finished looking for orphan Actors (0.000 secs)
[2017.07.04-17.52.06:035][  0]Cmd: MAP CHECKDEP NOCLEARLOG
[2017.07.04-17.52.06:073][  0]MapCheck: Info Map check complete: 0 Error(s), 0 Warning(s), took 37.528ms to complete.
[2017.07.04-17.52.06:073][  0]LogFileHelpers: Loading map 'Template_Default' took 0.241
[2017.07.04-17.52.06:195][  0]LogCollectionManager: Loaded 0 collections in 0.000585 seconds
[2017.07.04-17.52.06:262][  0]LogFileCache: Scanning file cache for directory 'H:/TDAD/TDAD/Saved/Collections/' took 0.01s
[2017.07.04-17.52.06:262][  0]LogFileCache: Scanning file cache for directory 'H:/TDAD/TDAD/Content/Developers/dan/Collections/' took 0.01s
[2017.07.04-17.52.06:262][  0]LogFileCache: Scanning file cache for directory 'H:/TDAD/TDAD/Content/Collections/' took 0.01s
[2017.07.04-17.52.06:262][  0]LogCollectionManager: Rebuilt the GUID cache for 0 collections in 0.000001 seconds
[2017.07.04-17.52.06:270][  0]LogContentBrowser: Native class hierarchy populated in 0.0074 seconds. Added 2329 classes and 491 folders.
[2017.07.04-17.52.06:310][  0]LogContentBrowser: Native class hierarchy updated for 'WidgetCarousel' in 0.0005 seconds. Added 0 classes and 0 folders.
[2017.07.04-17.52.06:343][  0]LogContentBrowser: Native class hierarchy updated for 'AddContentDialog' in 0.0005 seconds. Added 0 classes and 0 folders.
[2017.07.04-17.52.06:373][  0]LogContentBrowser: Native class hierarchy updated for 'SceneOutliner' in 0.0005 seconds. Added 1 classes and 2 folders.
[2017.07.04-17.52.06:402][  0]LogCrashTracker: Crashtracker disabled due to settings.
[2017.07.04-17.52.06:407][  0]LogSlate: Took 0.000298 seconds to synchronously load lazily loaded font '../../../Engine/Content/Slate/Fonts/Roboto-Regular.ttf' (155K)
[2017.07.04-17.52.06:409][  0]LogSlate: Took 0.000235 seconds to synchronously load lazily loaded font '../../../Engine/Content/Slate/Fonts/Roboto-Bold.ttf' (160K)
[2017.07.04-17.52.06:413][  0]LogSlate: Took 0.000237 seconds to synchronously load lazily loaded font '../../../Engine/Content/Editor/Slate/Fonts/FontAwesome.ttf' (139K)
[2017.07.04-17.52.06:496][  0]LogRenderer: Reallocating scene render targets to support 1208x576 NumSamples 1 (Frame:1).
[2017.07.04-17.52.06:604][  0]LogUObjectGlobals:Warning: Failed to find object 'Class None.'
[2017.07.04-17.52.06:654][  0]LogContentBrowser: Native class hierarchy updated for 'HierarchicalLODOutliner' in 0.0005 seconds. Added 1 classes and 2 folders.
[2017.07.04-17.52.06:654][  0]LogLoad: (Engine Initialization) Total time: 12.46 seconds
[2017.07.04-17.52.06:654][  0]LogLoad: (Engine Initialization) Total Blueprint compile time: 0.06 seconds
[2017.07.04-17.52.06:654][  0]LogExternalProfiler: Found external profiler: VSPerf
[2017.07.04-17.52.06:654][  0]LogExternalProfiler: Using external profiler: VSPerf
[2017.07.04-17.52.06:994][  0]LogOcInput: OculusInput pre-init called
[2017.07.04-17.52.07:010][  0]LogOcInput: OculusInput is initialized. Init status 0. Runtime version: 1.16.0
[2017.07.04-17.52.07:010][  0]LogHMD: Starting GearVRController plugin
[2017.07.04-17.52.07:028][  0]LogAssetRegistry: Asset discovery search completed in 7.8226 seconds
[2017.07.04-17.52.07:030][  0]LogCollectionManager: Rebuilt the object cache for 0 collections in 0.000001 seconds (found 0 objects)
[2017.07.04-17.52.07:030][  0]LogCollectionManager: Fixed up redirectors for 0 collections in 0.000023 seconds (updated 0 objects)
[2017.07.04-17.52.07:033][  0]LogContentStreaming: Texture pool size now 1000 MB
